This is pdfTeX, Version 3.14159265-2.6-1.40.20 (TeX Live 2019/Debian) (preloaded format=pdflatex 2022.4.14)  24 APR 2022 13:29
entering extended mode
 restricted \write18 enabled.
 %&-line parsing enabled.
**./report.tex
(./report.tex
LaTeX2e <2020-02-02> patch level 2
L3 programming layer <2020-02-14>
(/usr/share/texlive/texmf-dist/tex/latex/base/article.cls
Document Class: article 2019/12/20 v1.4l Standard LaTeX document class
(/usr/share/texlive/texmf-dist/tex/latex/base/size10.clo
File: size10.clo 2019/12/20 v1.4l Standard LaTeX file (size option)
)
\c@part=\count167
\c@section=\count168
\c@subsection=\count169
\c@subsubsection=\count170
\c@paragraph=\count171
\c@subparagraph=\count172
\c@figure=\count173
\c@table=\count174
\abovecaptionskip=\skip47
\belowcaptionskip=\skip48
\bibindent=\dimen134
)
(/usr/share/texlive/texmf-dist/tex/latex/base/inputenc.sty
Package: inputenc 2018/08/11 v1.3c Input encoding file
\inpenc@prehook=\toks14
\inpenc@posthook=\toks15
)
(/usr/share/texlive/texmf-dist/tex/latex/graphics/graphicx.sty
Package: graphicx 2019/11/30 v1.2a Enhanced LaTeX Graphics (DPC,SPQR)

(/usr/share/texlive/texmf-dist/tex/latex/graphics/keyval.sty
Package: keyval 2014/10/28 v1.15 key=value parser (DPC)
\KV@toks@=\toks16
)
(/usr/share/texlive/texmf-dist/tex/latex/graphics/graphics.sty
Package: graphics 2019/11/30 v1.4a Standard LaTeX Graphics (DPC,SPQR)

(/usr/share/texlive/texmf-dist/tex/latex/graphics/trig.sty
Package: trig 2016/01/03 v1.10 sin cos tan (DPC)
)
(/usr/share/texlive/texmf-dist/tex/latex/graphics-cfg/graphics.cfg
File: graphics.cfg 2016/06/04 v1.11 sample graphics configuration
)
Package graphics Info: Driver file: pdftex.def on input line 105.

(/usr/share/texlive/texmf-dist/tex/latex/graphics-def/pdftex.def
File: pdftex.def 2018/01/08 v1.0l Graphics/color driver for pdftex
))
\Gin@req@height=\dimen135
\Gin@req@width=\dimen136
)
(/usr/share/texlive/texmf-dist/tex/latex/amsmath/amsmath.sty
Package: amsmath 2020/01/20 v2.17e AMS math features
\@mathmargin=\skip49

For additional information on amsmath, use the `?' option.
(/usr/share/texlive/texmf-dist/tex/latex/amsmath/amstext.sty
Package: amstext 2000/06/29 v2.01 AMS text

(/usr/share/texlive/texmf-dist/tex/latex/amsmath/amsgen.sty
File: amsgen.sty 1999/11/30 v2.0 generic functions
\@emptytoks=\toks17
\ex@=\dimen137
))
(/usr/share/texlive/texmf-dist/tex/latex/amsmath/amsbsy.sty
Package: amsbsy 1999/11/29 v1.2d Bold Symbols
\pmbraise@=\dimen138
)
(/usr/share/texlive/texmf-dist/tex/latex/amsmath/amsopn.sty
Package: amsopn 2016/03/08 v2.02 operator names
)
\inf@bad=\count175
LaTeX Info: Redefining \frac on input line 227.
\uproot@=\count176
\leftroot@=\count177
LaTeX Info: Redefining \overline on input line 389.
\classnum@=\count178
\DOTSCASE@=\count179
LaTeX Info: Redefining \ldots on input line 486.
LaTeX Info: Redefining \dots on input line 489.
LaTeX Info: Redefining \cdots on input line 610.
\Mathstrutbox@=\box45
\strutbox@=\box46
\big@size=\dimen139
LaTeX Font Info:    Redeclaring font encoding OML on input line 733.
LaTeX Font Info:    Redeclaring font encoding OMS on input line 734.
\macc@depth=\count180
\c@MaxMatrixCols=\count181
\dotsspace@=\muskip16
\c@parentequation=\count182
\dspbrk@lvl=\count183
\tag@help=\toks18
\row@=\count184
\column@=\count185
\maxfields@=\count186
\andhelp@=\toks19
\eqnshift@=\dimen140
\alignsep@=\dimen141
\tagshift@=\dimen142
\tagwidth@=\dimen143
\totwidth@=\dimen144
\lineht@=\dimen145
\@envbody=\toks20
\multlinegap=\skip50
\multlinetaggap=\skip51
\mathdisplay@stack=\toks21
LaTeX Info: Redefining \[ on input line 2859.
LaTeX Info: Redefining \] on input line 2860.
)
(/usr/share/texlive/texmf-dist/tex/latex/amsfonts/amssymb.sty
Package: amssymb 2013/01/14 v3.01 AMS font symbols

(/usr/share/texlive/texmf-dist/tex/latex/amsfonts/amsfonts.sty
Package: amsfonts 2013/01/14 v3.01 Basic AMSFonts support
\symAMSa=\mathgroup4
\symAMSb=\mathgroup5
LaTeX Font Info:    Redeclaring math symbol \hbar on input line 98.
LaTeX Font Info:    Overwriting math alphabet `\mathfrak' in version `bold'
(Font)                  U/euf/m/n --> U/euf/b/n on input line 106.
))
(/usr/share/texlive/texmf-dist/tex/latex/tools/indentfirst.sty
Package: indentfirst 1995/11/23 v1.03 Indent first paragraph (DPC)
)
(/usr/share/texlive/texmf-dist/tex/latex/geometry/geometry.sty
Package: geometry 2020/01/02 v5.9 Page Geometry

(/usr/share/texlive/texmf-dist/tex/generic/iftex/ifvtex.sty
Package: ifvtex 2019/10/25 v1.7 ifvtex legacy package. Use iftex instead.

(/usr/share/texlive/texmf-dist/tex/generic/iftex/iftex.sty
Package: iftex 2019/11/07 v1.0c TeX engine tests
))
\Gm@cnth=\count187
\Gm@cntv=\count188
\c@Gm@tempcnt=\count189
\Gm@bindingoffset=\dimen146
\Gm@wd@mp=\dimen147
\Gm@odd@mp=\dimen148
\Gm@even@mp=\dimen149
\Gm@layoutwidth=\dimen150
\Gm@layoutheight=\dimen151
\Gm@layouthoffset=\dimen152
\Gm@layoutvoffset=\dimen153
\Gm@dimlist=\toks22
)
(/usr/share/texlive/texmf-dist/tex/latex/l3backend/l3backend-pdfmode.def
File: l3backend-pdfmode.def 2020-02-03 L3 backend support: PDF mode
\l__kernel_color_stack_int=\count190
\l__pdf_internal_box=\box47
)
(./report.aux)
\openout1 = `report.aux'.

LaTeX Font Info:    Checking defaults for OML/cmm/m/it on input line 16.
LaTeX Font Info:    ... okay on input line 16.
LaTeX Font Info:    Checking defaults for OMS/cmsy/m/n on input line 16.
LaTeX Font Info:    ... okay on input line 16.
LaTeX Font Info:    Checking defaults for OT1/cmr/m/n on input line 16.
LaTeX Font Info:    ... okay on input line 16.
LaTeX Font Info:    Checking defaults for T1/cmr/m/n on input line 16.
LaTeX Font Info:    ... okay on input line 16.
LaTeX Font Info:    Checking defaults for TS1/cmr/m/n on input line 16.
LaTeX Font Info:    ... okay on input line 16.
LaTeX Font Info:    Checking defaults for OMX/cmex/m/n on input line 16.
LaTeX Font Info:    ... okay on input line 16.
LaTeX Font Info:    Checking defaults for U/cmr/m/n on input line 16.
LaTeX Font Info:    ... okay on input line 16.

(/usr/share/texlive/texmf-dist/tex/context/base/mkii/supp-pdf.mkii
[Loading MPS to PDF converter (version 2006.09.02).]
\scratchcounter=\count191
\scratchdimen=\dimen154
\scratchbox=\box48
\nofMPsegments=\count192
\nofMParguments=\count193
\everyMPshowfont=\toks23
\MPscratchCnt=\count194
\MPscratchDim=\dimen155
\MPnumerator=\count195
\makeMPintoPDFobject=\count196
\everyMPtoPDFconversion=\toks24
) (/usr/share/texlive/texmf-dist/tex/latex/epstopdf-pkg/epstopdf-base.sty
Package: epstopdf-base 2020-01-24 v2.11 Base part for package epstopdf
Package epstopdf-base Info: Redefining graphics rule for `.eps' on input line 4
85.

(/usr/share/texlive/texmf-dist/tex/latex/latexconfig/epstopdf-sys.cfg
File: epstopdf-sys.cfg 2010/07/13 v1.3 Configuration of (r)epstopdf for TeX Liv
e
))
*geometry* driver: auto-detecting
*geometry* detected driver: pdftex
*geometry* verbose mode - [ preamble ] result:
* driver: pdftex
* paper: a4paper
* layout: <same size as paper>
* layoutoffset:(h,v)=(0.0pt,0.0pt)
* modes: 
* h-part:(L,W,R)=(45.80893pt, 505.89pt, 45.80894pt)
* v-part:(T,H,B)=(48.93872pt, 722.7pt, 73.40813pt)
* \paperwidth=597.50787pt
* \paperheight=845.04684pt
* \textwidth=505.89pt
* \textheight=722.7pt
* \oddsidemargin=-26.46106pt
* \evensidemargin=-26.46106pt
* \topmargin=-60.33127pt
* \headheight=12.0pt
* \headsep=25.0pt
* \topskip=10.0pt
* \footskip=30.0pt
* \marginparwidth=65.0pt
* \marginparsep=11.0pt
* \columnsep=10.0pt
* \skip\footins=9.0pt plus 4.0pt minus 2.0pt
* \hoffset=0.0pt
* \voffset=0.0pt
* \mag=1000
* \@twocolumnfalse
* \@twosidefalse
* \@mparswitchfalse
* \@reversemarginfalse
* (1in=72.27pt=25.4mm, 1cm=28.453pt)

LaTeX Font Info:    Trying to load font information for U+msa on input line 18.

(/usr/share/texlive/texmf-dist/tex/latex/amsfonts/umsa.fd
File: umsa.fd 2013/01/14 v3.01 AMS symbols A
)
LaTeX Font Info:    Trying to load font information for U+msb on input line 18.


(/usr/share/texlive/texmf-dist/tex/latex/amsfonts/umsb.fd
File: umsb.fd 2013/01/14 v3.01 AMS symbols B
) [1

{/var/lib/texmf/fonts/map/pdftex/updmap/pdftex.map}]
Overfull \hbox (6.71439pt too wide) in paragraph at lines 28--29
\OT1/cmr/m/n/10 re-sented by the cou-ple of \OT1/cmr/m/it/10 monochro-matic \OT
1/cmr/m/n/10 vec-tor field $([]\OML/cmm/m/it/10 ; []\OT1/cmr/m/n/10 )$
 []

[2

] [3]
<./../res/system.png, id=24, 398.9304pt x 393.1488pt>
File: ./../res/system.png Graphic file (type png)
<use ./../res/system.png>
Package pdftex.def Info: ./../res/system.png  used on input line 184.
(pdftex.def)             Requested size: 202.35611pt x 202.3509pt.

Overfull \hbox (2.6943pt too wide) in paragraph at lines 181--189
\OT1/cmr/m/n/10 That is to say, let's de-scribe the co-or-di-nate sys-tem throu
gh
 []

[4 <./../res/system.png>]
Overfull \hbox (2.11093pt too wide) in paragraph at lines 261--262
[]\OT1/cmr/m/n/10 To con-tex-tu-ally re-place our prob-lem, these Bessel func-
 []


Overfull \hbox (3.64684pt too wide) in paragraph at lines 264--266
\OT1/cmr/m/n/10 where $\OML/cmm/m/it/10 $ \OT1/cmr/m/n/10 is a com-plex num-be
r with-out re-stric-tion. Thereby,
 []

<./../res/jnyn.png, id=31, 462.528pt x 346.896pt>
File: ./../res/jnyn.png Graphic file (type png)
<use ./../res/jnyn.png>
Package pdftex.def Info: ./../res/jnyn.png  used on input line 286.
(pdftex.def)             Requested size: 252.94437pt x 252.94614pt.

Overfull \hbox (4.99937pt too wide) in paragraph at lines 286--287
 [][] 
 []


LaTeX Warning: `h' float specifier changed to `ht'.

[5]
Overfull \hbox (3.72212pt too wide) in paragraph at lines 338--340
\OT1/cmr/m/n/10 It is im-por-tant to no-tice that any se-rie con-structed throu
gh
 []

[6 <./../res/jnyn.png>]
<./../res/ri_const.png, id=43, 462.528pt x 346.896pt>
File: ./../res/ri_const.png Graphic file (type png)
<use ./../res/ri_const.png>
Package pdftex.def Info: ./../res/ri_const.png  used on input line 360.
(pdftex.def)             Requested size: 252.94437pt x 202.35373pt.

Overfull \hbox (4.99937pt too wide) in paragraph at lines 360--361
 [][] 
 []

<./../res/ri_var_real.png, id=44, 462.528pt x 346.896pt>
File: ./../res/ri_var_real.png Graphic file (type png)
<use ./../res/ri_var_real.png>
Package pdftex.def Info: ./../res/ri_var_real.png  used on input line 366.
(pdftex.def)             Requested size: 252.94437pt x 202.35373pt.

Overfull \hbox (4.99937pt too wide) in paragraph at lines 366--367
 [][] 
 []

<./../res/ri_var_complex.png, id=45, 462.528pt x 346.896pt>
File: ./../res/ri_var_complex.png Graphic file (type png)
<use ./../res/ri_var_complex.png>
Package pdftex.def Info: ./../res/ri_var_complex.png  used on input line 372.
(pdftex.def)             Requested size: 252.94437pt x 202.35373pt.

Overfull \hbox (4.99937pt too wide) in paragraph at lines 372--373
 [][] 
 []

[7 <./../res/ri_const.png> <./../res/ri_var_real.png>]
<./../res/sca_coeff.png, id=52, 462.528pt x 346.896pt>
File: ./../res/sca_coeff.png Graphic file (type png)
<use ./../res/sca_coeff.png>
Package pdftex.def Info: ./../res/sca_coeff.png  used on input line 390.
(pdftex.def)             Requested size: 252.94437pt x 202.35373pt.

Overfull \hbox (4.99937pt too wide) in paragraph at lines 390--391
 [][] 
 []

<./../res/ext_coeff.png, id=53, 462.528pt x 346.896pt>
File: ./../res/ext_coeff.png Graphic file (type png)
<use ./../res/ext_coeff.png>
Package pdftex.def Info: ./../res/ext_coeff.png  used on input line 396.
(pdftex.def)             Requested size: 252.94437pt x 202.35373pt.

Overfull \hbox (4.99937pt too wide) in paragraph at lines 396--397
 [][] 
 []

<./../res/sca_var.png, id=54, 462.528pt x 346.896pt>
File: ./../res/sca_var.png Graphic file (type png)
<use ./../res/sca_var.png>
Package pdftex.def Info: ./../res/sca_var.png  used on input line 405.
(pdftex.def)             Requested size: 252.94437pt x 202.35373pt.

Overfull \hbox (4.99937pt too wide) in paragraph at lines 405--406
 [][] 
 []

<./../res/ext_var.png, id=55, 462.528pt x 346.896pt>
File: ./../res/ext_var.png Graphic file (type png)
<use ./../res/ext_var.png>
Package pdftex.def Info: ./../res/ext_var.png  used on input line 411.
(pdftex.def)             Requested size: 252.94437pt x 202.35373pt.

Overfull \hbox (4.99937pt too wide) in paragraph at lines 411--412
 [][] 
 []

[8 <./../res/ri_var_complex.png> <./../res/sca_coeff.png> <./../res/ext_coeff.p
ng>]
<./../res/surface_sca.png, id=62, 462.528pt x 346.896pt>
File: ./../res/surface_sca.png Graphic file (type png)
<use ./../res/surface_sca.png>
Package pdftex.def Info: ./../res/surface_sca.png  used on input line 420.
(pdftex.def)             Requested size: 252.94437pt x 202.35373pt.

Overfull \hbox (4.99937pt too wide) in paragraph at lines 420--421
 [][] 
 []

<./../res/surface_ext.png, id=63, 462.528pt x 346.896pt>
File: ./../res/surface_ext.png Graphic file (type png)
<use ./../res/surface_ext.png>
Package pdftex.def Info: ./../res/surface_ext.png  used on input line 426.
(pdftex.def)             Requested size: 252.94437pt x 202.35373pt.

Overfull \hbox (4.99937pt too wide) in paragraph at lines 426--427
 [][] 
 []


LaTeX Warning: `h' float specifier changed to `ht'.


LaTeX Warning: `h' float specifier changed to `ht'.

[9 <./../res/sca_var.png> <./../res/ext_var.png> <./../res/surface_sca.png> <./
../res/surface_ext.png>] (./report.aux) ) 
Here is how much of TeX's memory you used:
 2941 strings out of 483183
 39382 string characters out of 5966292
 288090 words of memory out of 5000000
 17923 multiletter control sequences out of 15000+600000
 541501 words of font info for 59 fonts, out of 8000000 for 9000
 14 hyphenation exceptions out of 8191
 30i,20n,33p,2781b,236s stack positions out of 5000i,500n,10000p,200000b,80000s
 </home/nev/.texlive2019/texmf-var/fon
ts/pk/ljfour/jknappen/ec/tcrm1000.600pk></usr/share/texlive/texmf-dist/fonts/ty
pe1/public/amsfonts/cm/cmbx10.pfb></usr/share/texlive/texmf-dist/fonts/type1/pu
blic/amsfonts/cm/cmbx12.pfb></usr/share/texlive/texmf-dist/fonts/type1/public/a
msfonts/cm/cmex10.pfb></usr/share/texlive/texmf-dist/fonts/type1/public/amsfont
s/cm/cmmi10.pfb></usr/share/texlive/texmf-dist/fonts/type1/public/amsfonts/cm/c
mmi7.pfb></usr/share/texlive/texmf-dist/fonts/type1/public/amsfonts/cm/cmr10.pf
b></usr/share/texlive/texmf-dist/fonts/type1/public/amsfonts/cm/cmr12.pfb></usr
/share/texlive/texmf-dist/fonts/type1/public/amsfonts/cm/cmr17.pfb></usr/share/
texlive/texmf-dist/fonts/type1/public/amsfonts/cm/cmr5.pfb></usr/share/texlive/
texmf-dist/fonts/type1/public/amsfonts/cm/cmr7.pfb></usr/share/texlive/texmf-di
st/fonts/type1/public/amsfonts/cm/cmsy10.pfb></usr/share/texlive/texmf-dist/fon
ts/type1/public/amsfonts/cm/cmsy5.pfb></usr/share/texlive/texmf-dist/fonts/type
1/public/amsfonts/cm/cmsy7.pfb></usr/share/texlive/texmf-dist/fonts/type1/publi
c/amsfonts/cm/cmti10.pfb></usr/share/texlive/texmf-dist/fonts/type1/public/amsf
onts/symbols/msam10.pfb></usr/share/texlive/texmf-dist/fonts/type1/public/amsfo
nts/symbols/msbm10.pfb>
Output written on report.pdf (9 pages, 674041 bytes).
PDF statistics:
 126 PDF objects out of 1000 (max. 8388607)
 75 compressed objects within 1 object stream
 0 named destinations out of 1000 (max. 500000)
 56 words of extra memory for PDF output out of 10000 (max. 10000000)

